<?xml version="1.0" encoding="UTF-8"?>
<!-- Generated by org.testng.reporters.JUnitReportReporter -->
<testsuite hostname="Ravi" name="testNG.Groups" tests="3" failures="0" timestamp="13 Aug 2019 10:47:08 GMT" time="0.004" errors="0">
  <testcase name="createUSER" time="0.003" classname="testNG.Groups"/>
  <testcase name="createUser2" time="0.001" classname="testNG.Groups"/>
  <testcase name="dependecnyTest" time="0.000" classname="testNG.Groups"/>
</testsuite> <!-- testNG.Groups -->
