<?xml version="1.0" encoding="UTF-8"?>
<!-- Generated by org.testng.reporters.JUnitReportReporter -->
<testsuite hostname="Ravi" name="testNG.DataProvider" tests="3" failures="0" timestamp="13 Aug 2019 10:47:08 GMT" time="0.012" errors="0">
  <testcase name="test" time="0.001" classname="testNG.DataProvider"/>
  <testcase name="test" time="0.001" classname="testNG.DataProvider"/>
  <testcase name="test" time="0.010" classname="testNG.DataProvider"/>
</testsuite> <!-- testNG.DataProvider -->
