<?xml version="1.0" encoding="UTF-8"?>
<!-- Generated by org.testng.reporters.JUnitReportReporter -->
<testsuite hostname="Ravi" name="testNG.Reports" tests="1" failures="0" timestamp="13 Aug 2019 10:51:59 GMT" time="0.466" errors="0">
  <testcase name="demo" time="0.466" classname="testNG.Reports"/>
</testsuite> <!-- testNG.Reports -->
