<?xml version="1.0" encoding="UTF-8"?>
<!-- Generated by org.testng.reporters.JUnitReportReporter -->
<testsuite hostname="Ravi" name="testNG.DemoA1" tests="1" failures="0" timestamp="13 Aug 2019 10:47:08 GMT" time="0.004" errors="0">
  <testcase name="deleteUser" time="0.004" classname="testNG.DemoA1"/>
</testsuite> <!-- testNG.DemoA1 -->
