<?xml version="1.0" encoding="UTF-8"?>
<!-- Generated by org.testng.reporters.JUnitReportReporter -->
<testsuite hostname="Ravi" name="TestNgDemo" tests="1" failures="0" timestamp="13 Aug 2019 10:47:08 GMT" time="0.003" errors="0">
  <testcase name="testDemo" time="0.003" classname="TestNgDemo"/>
</testsuite> <!-- TestNgDemo -->
