<?xml version="1.0" encoding="UTF-8"?>
<!-- Generated by org.testng.reporters.JUnitReportReporter -->
<testsuite hostname="Ravi" name="testNG.Priority" tests="5" failures="0" timestamp="13 Aug 2019 10:47:08 GMT" time="0.010" errors="0">
  <testcase name="negativePriority" time="0.005" classname="testNG.Priority"/>
  <testcase name="invocationCount" time="0.002" classname="testNG.Priority"/>
  <testcase name="test" time="0.001" classname="testNG.Priority"/>
  <testcase name="AeROPriority" time="0.001" classname="testNG.Priority"/>
  <testcase name="invocationCount" time="0.001" classname="testNG.Priority"/>
</testsuite> <!-- testNG.Priority -->
