<?xml version="1.0" encoding="UTF-8"?>
<!-- Generated by org.testng.reporters.JUnitReportReporter -->
<testsuite hostname="Ravi" name="testNG.NewTest2" tests="1" failures="0" timestamp="13 Aug 2019 10:47:08 GMT" time="0.001" errors="0">
  <testcase name="f" time="0.001" classname="testNG.NewTest2"/>
</testsuite> <!-- testNG.NewTest2 -->
